0 info it worked if it ends with ok
1 verbose cli [ 'C:\\Program Files (x86)\\nodejs\\node.exe',
1 verbose cli   'C:\\Program Files (x86)\\nodejs\\node_modules\\npm\\bin\\npm-cli.js',
1 verbose cli   'start' ]
2 info using npm@3.10.8
3 info using node@v6.9.1
4 verbose run-script [ 'prestart', 'start', 'poststart' ]
5 info lifecycle car2park_server@1.0.0~prestart: car2park_server@1.0.0
6 silly lifecycle car2park_server@1.0.0~prestart: no script for prestart, continuing
7 info lifecycle car2park_server@1.0.0~start: car2park_server@1.0.0
8 verbose lifecycle car2park_server@1.0.0~start: unsafe-perm in lifecycle true
9 verbose lifecycle car2park_server@1.0.0~start: PATH: C:\Program Files (x86)\nodejs\node_modules\npm\bin\node-gyp-bin;C:\Users\Sean\Documents\cpen321\server\node_modules\.bin;C:\cygwin\usr\local\bin;C:\cygwin\bin;C:\ProgramData\Oracle\Java\javapath;C:\Program Files (x86)\Intel\iCLS Client;C:\Program Files\Intel\iCLS Client;C:\WINDOWS\system32;C:\WINDOWS;C:\WINDOWS\System32\Wbem;C:\WINDOWS\System32\WindowsPowerShell\v1.0;C:\Program Files\Intel\Intel(R) Management Engine Components\DAL;C:\Program Files (x86)\Intel\Intel(R) Management Engine Components\DAL;C:\Program Files\Intel\Intel(R) Management Engine Components\IPT;C:\Program Files (x86)\Intel\Intel(R) Management Engine Components\IPT;C:\Program Files\Microsoft SQL Server\110\Tools\Binn;C:\Users\Sean\.dnx\bin;C:\Program Files\Microsoft DNX\Dnvm;C:\Program Files (x86)\Windows Kits\10\Windows Performance Toolkit;C:\Program Files (x86)\Skype\Phone;C:\Program Files (x86)\MySQL\MySQL Fabric 1.5 & MySQL Utilities 1.5;C:\Program Files (x86)\MySQL\MySQL Fabric 1.5 & MySQL Utilities 1.5\Doctrine extensions for PHP;C:\texlive\2016\bin\win32;C:\Program Files (x86)\nodejs;C:\Program Files\Git\cmd;C:\Users\Sean\AppData\Local\Programs\Python\Python35-32\Scripts;C:\Users\Sean\AppData\Local\Programs\Python\Python35-32;C:\altera\13.0sp1\modelsim_ase\win32aloem;C:\Program Files\Git\git-bash.exe;C:\Program Files\Maven\apache-maven-3.3.9\bin;C:\Users\Sean\AppData\Local\Microsoft\WindowsApps;C:\Users\Sean\AppData\Roaming\npm;C:\altera\15.0\modelsim_ase\win32aloem;C:\Program Files\Heroku\bin;C:\cygwin\lib\lapack
10 verbose lifecycle car2park_server@1.0.0~start: CWD: C:\Users\Sean\Documents\cpen321\server
11 silly lifecycle car2park_server@1.0.0~start: Args: [ '/d /s /c', 'node index.js' ]
12 silly lifecycle car2park_server@1.0.0~start: Returned: code: 1  signal: null
13 info lifecycle car2park_server@1.0.0~start: Failed to exec start script
14 verbose stack Error: car2park_server@1.0.0 start: `node index.js`
14 verbose stack Exit status 1
14 verbose stack     at EventEmitter.<anonymous> (C:\Program Files (x86)\nodejs\node_modules\npm\lib\utils\lifecycle.js:255:16)
14 verbose stack     at emitTwo (events.js:106:13)
14 verbose stack     at EventEmitter.emit (events.js:191:7)
14 verbose stack     at ChildProcess.<anonymous> (C:\Program Files (x86)\nodejs\node_modules\npm\lib\utils\spawn.js:40:14)
14 verbose stack     at emitTwo (events.js:106:13)
14 verbose stack     at ChildProcess.emit (events.js:191:7)
14 verbose stack     at maybeClose (internal/child_process.js:877:16)
14 verbose stack     at Process.ChildProcess._handle.onexit (internal/child_process.js:226:5)
15 verbose pkgid car2park_server@1.0.0
16 verbose cwd C:\Users\Sean\Documents\cpen321\server
17 error Windows_NT 10.0.16299
18 error argv "C:\\Program Files (x86)\\nodejs\\node.exe" "C:\\Program Files (x86)\\nodejs\\node_modules\\npm\\bin\\npm-cli.js" "start"
19 error node v6.9.1
20 error npm  v3.10.8
21 error code ELIFECYCLE
22 error car2park_server@1.0.0 start: `node index.js`
22 error Exit status 1
23 error Failed at the car2park_server@1.0.0 start script 'node index.js'.
23 error Make sure you have the latest version of node.js and npm installed.
23 error If you do, this is most likely a problem with the car2park_server package,
23 error not with npm itself.
23 error Tell the author that this fails on your system:
23 error     node index.js
23 error You can get information on how to open an issue for this project with:
23 error     npm bugs car2park_server
23 error Or if that isn't available, you can get their info via:
23 error     npm owner ls car2park_server
23 error There is likely additional logging output above.
24 verbose exit [ 1, true ]
